running egg_info
creating build/imerir_nav/imerir_nav.egg-info
writing build/imerir_nav/imerir_nav.egg-info/PKG-INFO
writing dependency_links to build/imerir_nav/imerir_nav.egg-info/dependency_links.txt
writing entry points to build/imerir_nav/imerir_nav.egg-info/entry_points.txt
writing requirements to build/imerir_nav/imerir_nav.egg-info/requires.txt
writing top-level names to build/imerir_nav/imerir_nav.egg-info/top_level.txt
writing manifest file 'build/imerir_nav/imerir_nav.egg-info/SOURCES.txt'
reading manifest file 'build/imerir_nav/imerir_nav.egg-info/SOURCES.txt'
adding license file 'LICENSE'
writing manifest file 'build/imerir_nav/imerir_nav.egg-info/SOURCES.txt'
running build
running build_py
creating /home/ldl-ecole/ros2_ws/src/imerir_nav/build/imerir_nav/build
creating /home/ldl-ecole/ros2_ws/src/imerir_nav/build/imerir_nav/build/lib
creating /home/ldl-ecole/ros2_ws/src/imerir_nav/build/imerir_nav/build/lib/imerir_nav
copying imerir_nav/nav_node.py -> /home/ldl-ecole/ros2_ws/src/imerir_nav/build/imerir_nav/build/lib/imerir_nav
copying imerir_nav/__init__.py -> /home/ldl-ecole/ros2_ws/src/imerir_nav/build/imerir_nav/build/lib/imerir_nav
running install
running install_lib
creating /home/ldl-ecole/ros2_ws/src/imerir_nav/install/imerir_nav/lib/python3.12/site-packages/imerir_nav
copying /home/ldl-ecole/ros2_ws/src/imerir_nav/build/imerir_nav/build/lib/imerir_nav/nav_node.py -> /home/ldl-ecole/ros2_ws/src/imerir_nav/install/imerir_nav/lib/python3.12/site-packages/imerir_nav
copying /home/ldl-ecole/ros2_ws/src/imerir_nav/build/imerir_nav/build/lib/imerir_nav/__init__.py -> /home/ldl-ecole/ros2_ws/src/imerir_nav/install/imerir_nav/lib/python3.12/site-packages/imerir_nav
byte-compiling /home/ldl-ecole/ros2_ws/src/imerir_nav/install/imerir_nav/lib/python3.12/site-packages/imerir_nav/nav_node.py to nav_node.cpython-312.pyc
byte-compiling /home/ldl-ecole/ros2_ws/src/imerir_nav/install/imerir_nav/lib/python3.12/site-packages/imerir_nav/__init__.py to __init__.cpython-312.pyc
running install_data
creating /home/ldl-ecole/ros2_ws/src/imerir_nav/install/imerir_nav/share/ament_index
creating /home/ldl-ecole/ros2_ws/src/imerir_nav/install/imerir_nav/share/ament_index/resource_index
creating /home/ldl-ecole/ros2_ws/src/imerir_nav/install/imerir_nav/share/ament_index/resource_index/packages
copying resource/imerir_nav -> /home/ldl-ecole/ros2_ws/src/imerir_nav/install/imerir_nav/share/ament_index/resource_index/packages
copying package.xml -> /home/ldl-ecole/ros2_ws/src/imerir_nav/install/imerir_nav/share/imerir_nav
running install_egg_info
Copying build/imerir_nav/imerir_nav.egg-info to /home/ldl-ecole/ros2_ws/src/imerir_nav/install/imerir_nav/lib/python3.12/site-packages/imerir_nav-0.0.0-py3.12.egg-info
running install_scripts
Installing nav_node script to /home/ldl-ecole/ros2_ws/src/imerir_nav/install/imerir_nav/lib/imerir_nav
writing list of installed files to '/home/ldl-ecole/ros2_ws/src/imerir_nav/build/imerir_nav/install.log'
