[0.191s] DEBUG:colcon:Command line arguments: ['/usr/bin/colcon', 'build']
[0.191s] DEBUG:colcon:Parsed command line arguments: Namespace(log_base=None, log_level=None, verb_name='build', build_base='build', install_base='install', merge_install=False, symlink_install=False, test_result_base=None, continue_on_error=False, executor='parallel', parallel_workers=12, event_handlers=None, ignore_user_meta=False, metas=['./colcon.meta'], base_paths=['.'], packages_ignore=None, packages_ignore_regex=None, paths=None, packages_up_to=None, packages_up_to_regex=None, packages_above=None, packages_above_and_dependencies=None, packages_above_depth=None, packages_select_by_dep=None, packages_skip_by_dep=None, packages_skip_up_to=None, packages_select_build_failed=False, packages_skip_build_finished=False, packages_select_test_failures=False, packages_skip_test_passed=False, packages_select=None, packages_skip=None, packages_select_regex=None, packages_skip_regex=None, packages_start=None, packages_end=None, allow_overriding=[], cmake_args=None, cmake_target=None, cmake_target_skip_unavailable=False, cmake_clean_cache=False, cmake_clean_first=False, cmake_force_configure=False, ament_cmake_args=None, catkin_cmake_args=None, catkin_skip_building_tests=False, mixin_files=None, mixin=None, verb_parser=<colcon_mixin.mixin.mixin_argument.MixinArgumentDecorator object at 0x70ba2e5a3e90>, verb_extension=<colcon_core.verb.build.BuildVerb object at 0x70ba2e6cbdd0>, main=<bound method BuildVerb.main of <colcon_core.verb.build.BuildVerb object at 0x70ba2e6cbdd0>>, mixin_verb=('build',))
[0.258s] Level 1:colcon.colcon_core.package_discovery:discover_packages(colcon_meta) check parameters
[0.259s] Level 1:colcon.colcon_core.package_discovery:discover_packages(recursive) check parameters
[0.259s] Level 1:colcon.colcon_core.package_discovery:discover_packages(ignore) check parameters
[0.259s] Level 1:colcon.colcon_core.package_discovery:discover_packages(path) check parameters
[0.259s] Level 1:colcon.colcon_core.package_discovery:discover_packages(colcon_meta) discover
[0.259s] Level 1:colcon.colcon_core.package_discovery:discover_packages(recursive) discover
[0.259s] INFO:colcon.colcon_core.package_discovery:Crawling recursively for packages in '/home/ldl-ecole/ros2_ws/src/imerir_nav'
[0.259s] Level 1:colcon.colcon_core.package_identification:_identify(.) by extensions ['ignore', 'ignore_ament_install']
[0.259s] Level 1:colcon.colcon_core.package_identification:_identify(.) by extension 'ignore'
[0.259s] Level 1:colcon.colcon_core.package_identification:_identify(.) by extension 'ignore_ament_install'
[0.259s] Level 1:colcon.colcon_core.package_identification:_identify(.) by extensions ['colcon_pkg']
[0.259s] Level 1:colcon.colcon_core.package_identification:_identify(.) by extension 'colcon_pkg'
[0.260s] Level 1:colcon.colcon_core.package_identification:_identify(.) by extensions ['colcon_meta']
[0.260s] Level 1:colcon.colcon_core.package_identification:_identify(.) by extension 'colcon_meta'
[0.260s] Level 1:colcon.colcon_core.package_identification:_identify(.) by extensions ['ros']
[0.260s] Level 1:colcon.colcon_core.package_identification:_identify(.) by extension 'ros'
[0.345s] DEBUG:colcon.colcon_core.package_identification:Package '.' with type 'ros.ament_python' and name 'imerir_nav'
[0.345s] Level 1:colcon.colcon_core.package_discovery:discover_packages(recursive) using defaults
[0.345s] Level 1:colcon.colcon_core.package_discovery:discover_packages(ignore) discover
[0.345s] Level 1:colcon.colcon_core.package_discovery:discover_packages(ignore) using defaults
[0.345s] Level 1:colcon.colcon_core.package_discovery:discover_packages(path) discover
[0.345s] Level 1:colcon.colcon_core.package_discovery:discover_packages(path) using defaults
[0.383s] Level 1:colcon.colcon_core.package_discovery:discover_packages(prefix_path) check parameters
[0.383s] Level 1:colcon.colcon_core.package_discovery:discover_packages(prefix_path) discover
[0.388s] DEBUG:colcon.colcon_installed_package_information.package_discovery:Found 29 installed packages in /home/ldl-ecole/ros2_ws/install
[0.393s] DEBUG:colcon.colcon_installed_package_information.package_discovery:Found 490 installed packages in /opt/ros/jazzy
[0.397s] Level 1:colcon.colcon_core.package_discovery:discover_packages(prefix_path) using defaults
[0.531s] Level 5:colcon.colcon_core.verb:set package 'imerir_nav' build argument 'cmake_args' from command line to 'None'
[0.531s] Level 5:colcon.colcon_core.verb:set package 'imerir_nav' build argument 'cmake_target' from command line to 'None'
[0.532s] Level 5:colcon.colcon_core.verb:set package 'imerir_nav' build argument 'cmake_target_skip_unavailable' from command line to 'False'
[0.532s] Level 5:colcon.colcon_core.verb:set package 'imerir_nav' build argument 'cmake_clean_cache' from command line to 'False'
[0.532s] Level 5:colcon.colcon_core.verb:set package 'imerir_nav' build argument 'cmake_clean_first' from command line to 'False'
[0.532s] Level 5:colcon.colcon_core.verb:set package 'imerir_nav' build argument 'cmake_force_configure' from command line to 'False'
[0.532s] Level 5:colcon.colcon_core.verb:set package 'imerir_nav' build argument 'ament_cmake_args' from command line to 'None'
[0.532s] Level 5:colcon.colcon_core.verb:set package 'imerir_nav' build argument 'catkin_cmake_args' from command line to 'None'
[0.532s] Level 5:colcon.colcon_core.verb:set package 'imerir_nav' build argument 'catkin_skip_building_tests' from command line to 'False'
[0.532s] DEBUG:colcon.colcon_core.verb:Building package 'imerir_nav' with the following arguments: {'ament_cmake_args': None, 'build_base': '/home/ldl-ecole/ros2_ws/src/imerir_nav/build/imerir_nav', 'catkin_cmake_args': None, 'catkin_skip_building_tests': False, 'cmake_args': None, 'cmake_clean_cache': False, 'cmake_clean_first': False, 'cmake_force_configure': False, 'cmake_target': None, 'cmake_target_skip_unavailable': False, 'install_base': '/home/ldl-ecole/ros2_ws/src/imerir_nav/install/imerir_nav', 'merge_install': False, 'path': '/home/ldl-ecole/ros2_ws/src/imerir_nav', 'symlink_install': False, 'test_result_base': None}
[0.532s] INFO:colcon.colcon_core.executor:Executing jobs using 'parallel' executor
[0.533s] DEBUG:colcon.colcon_parallel_executor.executor.parallel:run_until_complete
[0.534s] INFO:colcon.colcon_ros.task.ament_python.build:Building ROS package in '/home/ldl-ecole/ros2_ws/src/imerir_nav' with build type 'ament_python'
[0.534s] Level 1:colcon.colcon_core.shell:create_environment_hook('imerir_nav', 'ament_prefix_path')
[0.537s] INFO:colcon.colcon_core.plugin_system:Skipping extension 'colcon_core.shell.bat': Not used on non-Windows systems
[0.537s] INFO:colcon.colcon_core.shell:Creating environment hook '/home/ldl-ecole/ros2_ws/src/imerir_nav/install/imerir_nav/share/imerir_nav/hook/ament_prefix_path.ps1'
[0.538s] INFO:colcon.colcon_core.shell:Creating environment descriptor '/home/ldl-ecole/ros2_ws/src/imerir_nav/install/imerir_nav/share/imerir_nav/hook/ament_prefix_path.dsv'
[0.539s] INFO:colcon.colcon_core.shell:Creating environment hook '/home/ldl-ecole/ros2_ws/src/imerir_nav/install/imerir_nav/share/imerir_nav/hook/ament_prefix_path.sh'
[0.540s] INFO:colcon.colcon_core.shell:Skip shell extension 'powershell' for command environment: Not usable outside of PowerShell
[0.540s] DEBUG:colcon.colcon_core.shell:Skip shell extension 'dsv' for command environment
[0.991s] INFO:colcon.colcon_core.task.python.build:Building Python package in '/home/ldl-ecole/ros2_ws/src/imerir_nav'
[0.991s] INFO:colcon.colcon_core.shell:Skip shell extension 'powershell' for command environment: Not usable outside of PowerShell
[0.991s] DEBUG:colcon.colcon_core.shell:Skip shell extension 'dsv' for command environment
[2.210s] DEBUG:colcon.colcon_core.event_handler.log_command:Invoking command in '/home/ldl-ecole/ros2_ws/src/imerir_nav': DEBUGINFOD_URLS=https://debuginfod.ubuntu.com PYTHONPATH=/home/ldl-ecole/ros2_ws/src/imerir_nav/build/imerir_nav/prefix_override:/usr/lib/python3/dist-packages/colcon_core/task/python/colcon_distutils_commands:/home/ldl-ecole/ros2_ws/src/imerir_nav/install/imerir_nav/lib/python3.12/site-packages:${PYTHONPATH} /usr/bin/python3 -W ignore:setup.py install is deprecated -W ignore:easy_install command is deprecated setup.py egg_info --egg-base build/imerir_nav build --build-base /home/ldl-ecole/ros2_ws/src/imerir_nav/build/imerir_nav/build install --record /home/ldl-ecole/ros2_ws/src/imerir_nav/build/imerir_nav/install.log --single-version-externally-managed install_data
[3.322s] DEBUG:colcon.colcon_core.event_handler.log_command:Invoked command in '/home/ldl-ecole/ros2_ws/src/imerir_nav' returned '0': DEBUGINFOD_URLS=https://debuginfod.ubuntu.com PYTHONPATH=/home/ldl-ecole/ros2_ws/src/imerir_nav/build/imerir_nav/prefix_override:/usr/lib/python3/dist-packages/colcon_core/task/python/colcon_distutils_commands:/home/ldl-ecole/ros2_ws/src/imerir_nav/install/imerir_nav/lib/python3.12/site-packages:${PYTHONPATH} /usr/bin/python3 -W ignore:setup.py install is deprecated -W ignore:easy_install command is deprecated setup.py egg_info --egg-base build/imerir_nav build --build-base /home/ldl-ecole/ros2_ws/src/imerir_nav/build/imerir_nav/build install --record /home/ldl-ecole/ros2_ws/src/imerir_nav/build/imerir_nav/install.log --single-version-externally-managed install_data
[3.325s] Level 1:colcon.colcon_core.environment:checking '/home/ldl-ecole/ros2_ws/src/imerir_nav/install/imerir_nav' for CMake module files
[3.326s] Level 1:colcon.colcon_core.environment:checking '/home/ldl-ecole/ros2_ws/src/imerir_nav/install/imerir_nav' for CMake config files
[3.327s] Level 1:colcon.colcon_core.environment:checking '/home/ldl-ecole/ros2_ws/src/imerir_nav/install/imerir_nav/lib'
[3.327s] Level 1:colcon.colcon_core.environment:checking '/home/ldl-ecole/ros2_ws/src/imerir_nav/install/imerir_nav/bin'
[3.327s] Level 1:colcon.colcon_core.environment:checking '/home/ldl-ecole/ros2_ws/src/imerir_nav/install/imerir_nav/lib/pkgconfig/imerir_nav.pc'
[3.327s] Level 1:colcon.colcon_core.environment:checking '/home/ldl-ecole/ros2_ws/src/imerir_nav/install/imerir_nav/lib/python3.12/site-packages'
[3.328s] Level 1:colcon.colcon_core.shell:create_environment_hook('imerir_nav', 'pythonpath')
[3.328s] INFO:colcon.colcon_core.shell:Creating environment hook '/home/ldl-ecole/ros2_ws/src/imerir_nav/install/imerir_nav/share/imerir_nav/hook/pythonpath.ps1'
[3.328s] INFO:colcon.colcon_core.shell:Creating environment descriptor '/home/ldl-ecole/ros2_ws/src/imerir_nav/install/imerir_nav/share/imerir_nav/hook/pythonpath.dsv'
[3.329s] INFO:colcon.colcon_core.shell:Creating environment hook '/home/ldl-ecole/ros2_ws/src/imerir_nav/install/imerir_nav/share/imerir_nav/hook/pythonpath.sh'
[3.330s] Level 1:colcon.colcon_core.environment:checking '/home/ldl-ecole/ros2_ws/src/imerir_nav/install/imerir_nav/bin'
[3.330s] Level 1:colcon.colcon_core.environment:create_environment_scripts_only(imerir_nav)
[3.330s] INFO:colcon.colcon_core.shell:Creating package script '/home/ldl-ecole/ros2_ws/src/imerir_nav/install/imerir_nav/share/imerir_nav/package.ps1'
[3.332s] INFO:colcon.colcon_core.shell:Creating package descriptor '/home/ldl-ecole/ros2_ws/src/imerir_nav/install/imerir_nav/share/imerir_nav/package.dsv'
[3.332s] INFO:colcon.colcon_core.shell:Creating package script '/home/ldl-ecole/ros2_ws/src/imerir_nav/install/imerir_nav/share/imerir_nav/package.sh'
[3.333s] INFO:colcon.colcon_core.shell:Creating package script '/home/ldl-ecole/ros2_ws/src/imerir_nav/install/imerir_nav/share/imerir_nav/package.bash'
[3.334s] INFO:colcon.colcon_core.shell:Creating package script '/home/ldl-ecole/ros2_ws/src/imerir_nav/install/imerir_nav/share/imerir_nav/package.zsh'
[3.335s] Level 1:colcon.colcon_core.environment:create_file_with_runtime_dependencies(/home/ldl-ecole/ros2_ws/src/imerir_nav/install/imerir_nav/share/colcon-core/packages/imerir_nav)
[3.335s] DEBUG:colcon.colcon_parallel_executor.executor.parallel:closing loop
[3.336s] DEBUG:colcon.colcon_parallel_executor.executor.parallel:loop closed
[3.336s] DEBUG:colcon.colcon_parallel_executor.executor.parallel:run_until_complete finished with '0'
[3.336s] DEBUG:colcon.colcon_core.event_reactor:joining thread
[3.348s] INFO:colcon.colcon_core.plugin_system:Skipping extension 'colcon_notification.desktop_notification.terminal_notifier': Not used on non-Darwin systems
[3.348s] INFO:colcon.colcon_core.plugin_system:Skipping extension 'colcon_notification.desktop_notification.win32': Not used on non-Windows systems
[3.348s] INFO:colcon.colcon_notification.desktop_notification:Sending desktop notification using 'notify2'
[3.370s] DEBUG:colcon.colcon_core.event_reactor:joined thread
[3.371s] INFO:colcon.colcon_core.shell:Creating prefix script '/home/ldl-ecole/ros2_ws/src/imerir_nav/install/local_setup.ps1'
[3.372s] INFO:colcon.colcon_core.shell:Creating prefix util module '/home/ldl-ecole/ros2_ws/src/imerir_nav/install/_local_setup_util_ps1.py'
[3.374s] INFO:colcon.colcon_core.shell:Creating prefix chain script '/home/ldl-ecole/ros2_ws/src/imerir_nav/install/setup.ps1'
[3.377s] INFO:colcon.colcon_core.shell:Creating prefix script '/home/ldl-ecole/ros2_ws/src/imerir_nav/install/local_setup.sh'
[3.378s] INFO:colcon.colcon_core.shell:Creating prefix util module '/home/ldl-ecole/ros2_ws/src/imerir_nav/install/_local_setup_util_sh.py'
[3.379s] INFO:colcon.colcon_core.shell:Creating prefix chain script '/home/ldl-ecole/ros2_ws/src/imerir_nav/install/setup.sh'
[3.383s] INFO:colcon.colcon_core.shell:Creating prefix script '/home/ldl-ecole/ros2_ws/src/imerir_nav/install/local_setup.bash'
[3.383s] INFO:colcon.colcon_core.shell:Creating prefix chain script '/home/ldl-ecole/ros2_ws/src/imerir_nav/install/setup.bash'
[3.387s] INFO:colcon.colcon_core.shell:Creating prefix script '/home/ldl-ecole/ros2_ws/src/imerir_nav/install/local_setup.zsh'
[3.387s] INFO:colcon.colcon_core.shell:Creating prefix chain script '/home/ldl-ecole/ros2_ws/src/imerir_nav/install/setup.zsh'
